c:\users\luann\documents\raytracing_cuda\raytracing_cuda\x64\debug\vc143.pdb
c:\users\luann\documents\raytracing_cuda\raytracing_cuda\x64\debug\vc143.idb
c:\users\luann\documents\raytracing_cuda\raytracing_cuda\x64\debug\qbimage.obj
c:\users\luann\documents\raytracing_cuda\raytracing_cuda\x64\debug\main.obj
c:\users\luann\documents\raytracing_cuda\raytracing_cuda\x64\debug\util.h.ifc
c:\users\luann\documents\raytracing_cuda\raytracing_cuda\x64\debug\util.h.ifc.d.json
c:\users\luann\documents\raytracing_cuda\raytracing_cuda\x64\debug\util.h.obj
c:\users\luann\documents\raytracing_cuda\raytracing_cuda\x64\debug\kernel.cu.obj
c:\users\luann\documents\raytracing_cuda\x64\debug\raytracing_cuda.exe
c:\users\luann\documents\raytracing_cuda\x64\debug\raytracing_cuda.pdb
c:\users\luann\documents\raytracing_cuda\raytracing_cuda\x64\debug\util.h.module.json
c:\users\luann\documents\raytracing_cuda\x64\debug\raytracing_cuda.lib
c:\users\luann\documents\raytracing_cuda\x64\debug\raytracing_cuda.exp
c:\users\luann\documents\raytracing_cuda\raytracing_cuda\x64\debug\raytracing_cuda.ilk
c:\users\luann\documents\raytracing_cuda\raytracing_cuda\x64\debug\kernel.cu.cache
c:\users\luann\documents\raytracing_cuda\raytracing_cuda\x64\debug\raytracing_cuda.tlog\cl.command.1.tlog
c:\users\luann\documents\raytracing_cuda\raytracing_cuda\x64\debug\raytracing_cuda.tlog\cl.items.tlog
c:\users\luann\documents\raytracing_cuda\raytracing_cuda\x64\debug\raytracing_cuda.tlog\cl.read.1.tlog
c:\users\luann\documents\raytracing_cuda\raytracing_cuda\x64\debug\raytracing_cuda.tlog\cl.write.1.tlog
c:\users\luann\documents\raytracing_cuda\raytracing_cuda\x64\debug\raytracing_cuda.tlog\cudacompile.read.1u.tlog
c:\users\luann\documents\raytracing_cuda\raytracing_cuda\x64\debug\raytracing_cuda.tlog\cudacompile.write.1u.tlog
c:\users\luann\documents\raytracing_cuda\raytracing_cuda\x64\debug\raytracing_cuda.tlog\link.command.1.tlog
c:\users\luann\documents\raytracing_cuda\raytracing_cuda\x64\debug\raytracing_cuda.tlog\link.read.1.tlog
c:\users\luann\documents\raytracing_cuda\raytracing_cuda\x64\debug\raytracing_cuda.tlog\link.secondary.1.tlog
c:\users\luann\documents\raytracing_cuda\raytracing_cuda\x64\debug\raytracing_cuda.tlog\link.write.1.tlog
c:\users\luann\documents\raytracing_cuda\raytracing_cuda\x64\debug\raytracing_cuda_md.tlog\cl.command.1.tlog
c:\users\luann\documents\raytracing_cuda\raytracing_cuda\x64\debug\raytracing_cuda_md.tlog\microsoft.build.cpptasks.cl.read.1.tlog
c:\users\luann\documents\raytracing_cuda\raytracing_cuda\x64\debug\raytracing_cuda_md.tlog\microsoft.build.cpptasks.cl.write.1.tlog
